<?xml version="1.0" encoding="utf-8"?>
<test-run id="2" name="Incapsulation.Weights.exe" fullname="D:/Stepic C#/Инкапсуляция/Практика/Task 3/Solution Project/bin/Debug/Incapsulation.Weights.exe" testcasecount="27" result="Passed" start-time="2020-05-02 08:22:13Z" end-time="2020-05-02 08:22:13Z" duration="0.198772" total="27" passed="27" failed="0" inconclusive="0" skipped="0" asserts="18" random-seed="81751365">
  <command-line><![CDATA["D:\Stepic C#\Инкапсуляция\Практика\Task 3\Solution Project\bin\Debug\Incapsulation.Weights.exe"   ]]></command-line>
  <filter />
  <test-suite type="Assembly" id="1034" name="Incapsulation.Weights.exe" fullname="D:/Stepic C#/Инкапсуляция/Практика/Task 3/Solution Project/bin/Debug/Incapsulation.Weights.exe" runstate="Runnable" testcasecount="27" result="Passed" start-time="2020-05-02 08:22:13Z" end-time="2020-05-02 08:22:13Z" duration="0.198772" total="27" passed="27" failed="0" warnings="0" inconclusive="0" skipped="0" asserts="18">
    <environment framework-version="3.6.0.0" clr-version="4.0.30319.42000" os-version="Microsoft Windows NT 6.2.9200.0" platform="Win32NT" cwd="D:\Stepic C#\Инкапсуляция\Практика\Task 3\Solution Project\bin\Debug" machine-name="LENOVOG50" user="dimad" user-domain="LENOVOG50" culture="ru-RU" uiculture="ru-RU" os-architecture="x86" />
    <settings>
      <setting name="WorkDirectory" value="D:\Stepic C#\Инкапсуляция\Практика\Task 3\Solution Project\bin\Debug" />
      <setting name="NumberOfTestWorkers" value="4" />
    </settings>
    <properties>
      <property name="_PID" value="860" />
      <property name="_APPDOMAIN" value="Incapsulation.Weights.exe" />
    </properties>
    <test-suite type="TestSuite" id="1035" name="Incapsulation" fullname="Incapsulation" runstate="Runnable" testcasecount="27" result="Passed" start-time="2020-05-02 08:22:13Z" end-time="2020-05-02 08:22:13Z" duration="0.183920" total="27" passed="27" failed="0" warnings="0" inconclusive="0" skipped="0" asserts="18">
      <test-suite type="TestSuite" id="1036" name="Weights" fullname="Incapsulation.Weights" runstate="Runnable" testcasecount="27" result="Passed" start-time="2020-05-02 08:22:13Z" end-time="2020-05-02 08:22:13Z" duration="0.179924" total="27" passed="27" failed="0" warnings="0" inconclusive="0" skipped="0" asserts="18">
        <test-suite type="TestFixture" id="1000" name="Indexer_should" fullname="Incapsulation.Weights.Indexer_should" classname="Incapsulation.Weights.Indexer_should" runstate="Runnable" testcasecount="27" result="Passed" start-time="2020-05-02 08:22:13Z" end-time="2020-05-02 08:22:13Z" duration="0.173932" total="27" passed="27" failed="0" warnings="0" inconclusive="0" skipped="0" asserts="18">
          <test-suite type="ParameterizedMethod" id="1027" name="ConstructoNotFail_WhenRangeIsValid" fullname="Incapsulation.Weights.Indexer_should.ConstructoNotFail_WhenRangeIsValid" classname="Incapsulation.Weights.Indexer_should" runstate="Runnable" testcasecount="9" result="Passed" start-time="2020-05-02 08:22:13Z" end-time="2020-05-02 08:22:13Z" duration="0.045439" total="9" passed="9" failed="0" warnings="0" inconclusive="0" skipped="0" asserts="0">
            <test-case id="1018" name="ConstructoNotFail_WhenRangeIsValid(0,0)" fullname="Incapsulation.Weights.Indexer_should.ConstructoNotFail_WhenRangeIsValid(0,0)" methodname="ConstructoNotFail_WhenRangeIsValid" classname="Incapsulation.Weights.Indexer_should" runstate="Runnable" seed="486338589" result="Passed" start-time="2020-05-02 08:22:13Z" end-time="2020-05-02 08:22:13Z" duration="0.005492" asserts="0" />
            <test-case id="1019" name="ConstructoNotFail_WhenRangeIsValid(0,1)" fullname="Incapsulation.Weights.Indexer_should.ConstructoNotFail_WhenRangeIsValid(0,1)" methodname="ConstructoNotFail_WhenRangeIsValid" classname="Incapsulation.Weights.Indexer_should" runstate="Runnable" seed="1833832348" result="Passed" start-time="2020-05-02 08:22:13Z" end-time="2020-05-02 08:22:13Z" duration="0.000117" asserts="0" />
            <test-case id="1020" name="ConstructoNotFail_WhenRangeIsValid(0,4)" fullname="Incapsulation.Weights.Indexer_should.ConstructoNotFail_WhenRangeIsValid(0,4)" methodname="ConstructoNotFail_WhenRangeIsValid" classname="Incapsulation.Weights.Indexer_should" runstate="Runnable" seed="1176988742" result="Passed" start-time="2020-05-02 08:22:13Z" end-time="2020-05-02 08:22:13Z" duration="0.000076" asserts="0" />
            <test-case id="1021" name="ConstructoNotFail_WhenRangeIsValid(1,0)" fullname="Incapsulation.Weights.Indexer_should.ConstructoNotFail_WhenRangeIsValid(1,0)" methodname="ConstructoNotFail_WhenRangeIsValid" classname="Incapsulation.Weights.Indexer_should" runstate="Runnable" seed="1852336264" result="Passed" start-time="2020-05-02 08:22:13Z" end-time="2020-05-02 08:22:13Z" duration="0.000083" asserts="0" />
            <test-case id="1022" name="ConstructoNotFail_WhenRangeIsValid(1,1)" fullname="Incapsulation.Weights.Indexer_should.ConstructoNotFail_WhenRangeIsValid(1,1)" methodname="ConstructoNotFail_WhenRangeIsValid" classname="Incapsulation.Weights.Indexer_should" runstate="Runnable" seed="1675783677" result="Passed" start-time="2020-05-02 08:22:13Z" end-time="2020-05-02 08:22:13Z" duration="0.000086" asserts="0" />
            <test-case id="1023" name="ConstructoNotFail_WhenRangeIsValid(1,3)" fullname="Incapsulation.Weights.Indexer_should.ConstructoNotFail_WhenRangeIsValid(1,3)" methodname="ConstructoNotFail_WhenRangeIsValid" classname="Incapsulation.Weights.Indexer_should" runstate="Runnable" seed="1753913845" result="Passed" start-time="2020-05-02 08:22:13Z" end-time="2020-05-02 08:22:13Z" duration="0.000100" asserts="0" />
            <test-case id="1024" name="ConstructoNotFail_WhenRangeIsValid(3,0)" fullname="Incapsulation.Weights.Indexer_should.ConstructoNotFail_WhenRangeIsValid(3,0)" methodname="ConstructoNotFail_WhenRangeIsValid" classname="Incapsulation.Weights.Indexer_should" runstate="Runnable" seed="1201547189" result="Passed" start-time="2020-05-02 08:22:13Z" end-time="2020-05-02 08:22:13Z" duration="0.000101" asserts="0" />
            <test-case id="1025" name="ConstructoNotFail_WhenRangeIsValid(3,1)" fullname="Incapsulation.Weights.Indexer_should.ConstructoNotFail_WhenRangeIsValid(3,1)" methodname="ConstructoNotFail_WhenRangeIsValid" classname="Incapsulation.Weights.Indexer_should" runstate="Runnable" seed="1153095253" result="Passed" start-time="2020-05-02 08:22:13Z" end-time="2020-05-02 08:22:13Z" duration="0.000084" asserts="0" />
            <test-case id="1026" name="ConstructoNotFail_WhenRangeIsValid(4,0)" fullname="Incapsulation.Weights.Indexer_should.ConstructoNotFail_WhenRangeIsValid(4,0)" methodname="ConstructoNotFail_WhenRangeIsValid" classname="Incapsulation.Weights.Indexer_should" runstate="Runnable" seed="2018696050" result="Passed" start-time="2020-05-02 08:22:13Z" end-time="2020-05-02 08:22:13Z" duration="0.000081" asserts="0" />
          </test-suite>
          <test-suite type="ParameterizedMethod" id="1017" name="ConstructorFails_WhenRangeIsInvalid" fullname="Incapsulation.Weights.Indexer_should.ConstructorFails_WhenRangeIsInvalid" classname="Incapsulation.Weights.Indexer_should" runstate="Runnable" testcasecount="8" result="Passed" start-time="2020-05-02 08:22:13Z" end-time="2020-05-02 08:22:13Z" duration="0.047848" total="8" passed="8" failed="0" warnings="0" inconclusive="0" skipped="0" asserts="8">
            <test-case id="1009" name="ConstructorFails_WhenRangeIsInvalid(-1,3)" fullname="Incapsulation.Weights.Indexer_should.ConstructorFails_WhenRangeIsInvalid(-1,3)" methodname="ConstructorFails_WhenRangeIsInvalid" classname="Incapsulation.Weights.Indexer_should" runstate="Runnable" seed="1842804908" result="Passed" start-time="2020-05-02 08:22:13Z" end-time="2020-05-02 08:22:13Z" duration="0.016653" asserts="1" />
            <test-case id="1010" name="ConstructorFails_WhenRangeIsInvalid(1,-1)" fullname="Incapsulation.Weights.Indexer_should.ConstructorFails_WhenRangeIsInvalid(1,-1)" methodname="ConstructorFails_WhenRangeIsInvalid" classname="Incapsulation.Weights.Indexer_should" runstate="Runnable" seed="1592429882" result="Passed" start-time="2020-05-02 08:22:13Z" end-time="2020-05-02 08:22:13Z" duration="0.000249" asserts="1" />
            <test-case id="1011" name="ConstructorFails_WhenRangeIsInvalid(1,10)" fullname="Incapsulation.Weights.Indexer_should.ConstructorFails_WhenRangeIsInvalid(1,10)" methodname="ConstructorFails_WhenRangeIsInvalid" classname="Incapsulation.Weights.Indexer_should" runstate="Runnable" seed="16111917" result="Passed" start-time="2020-05-02 08:22:13Z" end-time="2020-05-02 08:22:13Z" duration="0.000161" asserts="1" />
            <test-case id="1012" name="ConstructorFails_WhenRangeIsInvalid(0,5)" fullname="Incapsulation.Weights.Indexer_should.ConstructorFails_WhenRangeIsInvalid(0,5)" methodname="ConstructorFails_WhenRangeIsInvalid" classname="Incapsulation.Weights.Indexer_should" runstate="Runnable" seed="608486134" result="Passed" start-time="2020-05-02 08:22:13Z" end-time="2020-05-02 08:22:13Z" duration="0.000201" asserts="1" />
            <test-case id="1013" name="ConstructorFails_WhenRangeIsInvalid(1,4)" fullname="Incapsulation.Weights.Indexer_should.ConstructorFails_WhenRangeIsInvalid(1,4)" methodname="ConstructorFails_WhenRangeIsInvalid" classname="Incapsulation.Weights.Indexer_should" runstate="Runnable" seed="754750694" result="Passed" start-time="2020-05-02 08:22:13Z" end-time="2020-05-02 08:22:13Z" duration="0.000169" asserts="1" />
            <test-case id="1014" name="ConstructorFails_WhenRangeIsInvalid(2,3)" fullname="Incapsulation.Weights.Indexer_should.ConstructorFails_WhenRangeIsInvalid(2,3)" methodname="ConstructorFails_WhenRangeIsInvalid" classname="Incapsulation.Weights.Indexer_should" runstate="Runnable" seed="1013519653" result="Passed" start-time="2020-05-02 08:22:13Z" end-time="2020-05-02 08:22:13Z" duration="0.000214" asserts="1" />
            <test-case id="1015" name="ConstructorFails_WhenRangeIsInvalid(3,2)" fullname="Incapsulation.Weights.Indexer_should.ConstructorFails_WhenRangeIsInvalid(3,2)" methodname="ConstructorFails_WhenRangeIsInvalid" classname="Incapsulation.Weights.Indexer_should" runstate="Runnable" seed="634535514" result="Passed" start-time="2020-05-02 08:22:13Z" end-time="2020-05-02 08:22:13Z" duration="0.000215" asserts="1" />
            <test-case id="1016" name="ConstructorFails_WhenRangeIsInvalid(4,1)" fullname="Incapsulation.Weights.Indexer_should.ConstructorFails_WhenRangeIsInvalid(4,1)" methodname="ConstructorFails_WhenRangeIsInvalid" classname="Incapsulation.Weights.Indexer_should" runstate="Runnable" seed="1766359534" result="Passed" start-time="2020-05-02 08:22:13Z" end-time="2020-05-02 08:22:13Z" duration="0.000538" asserts="1" />
          </test-suite>
          <test-suite type="ParameterizedMethod" id="1004" name="GetCorrectly" fullname="Incapsulation.Weights.Indexer_should.GetCorrectly" classname="Incapsulation.Weights.Indexer_should" runstate="Runnable" testcasecount="2" result="Passed" start-time="2020-05-02 08:22:13Z" end-time="2020-05-02 08:22:13Z" duration="0.018051" total="2" passed="2" failed="0" warnings="0" inconclusive="0" skipped="0" asserts="2">
            <test-case id="1002" name="GetCorrectly(0,2)" fullname="Incapsulation.Weights.Indexer_should.GetCorrectly(0,2)" methodname="GetCorrectly" classname="Incapsulation.Weights.Indexer_should" runstate="Runnable" seed="1867482025" result="Passed" start-time="2020-05-02 08:22:13Z" end-time="2020-05-02 08:22:13Z" duration="0.010115" asserts="1" />
            <test-case id="1003" name="GetCorrectly(1,3)" fullname="Incapsulation.Weights.Indexer_should.GetCorrectly(1,3)" methodname="GetCorrectly" classname="Incapsulation.Weights.Indexer_should" runstate="Runnable" seed="1080236554" result="Passed" start-time="2020-05-02 08:22:13Z" end-time="2020-05-02 08:22:13Z" duration="0.000322" asserts="1" />
          </test-suite>
          <test-case id="1001" name="HaveCorrectLength" fullname="Incapsulation.Weights.Indexer_should.HaveCorrectLength" methodname="HaveCorrectLength" classname="Incapsulation.Weights.Indexer_should" runstate="Runnable" seed="1973433893" result="Passed" start-time="2020-05-02 08:22:13Z" end-time="2020-05-02 08:22:13Z" duration="0.001000" asserts="1" />
          <test-case id="1008" name="IndexerDoesNotCopyArray" fullname="Incapsulation.Weights.Indexer_should.IndexerDoesNotCopyArray" methodname="IndexerDoesNotCopyArray" classname="Incapsulation.Weights.Indexer_should" runstate="Runnable" seed="1141254522" result="Passed" start-time="2020-05-02 08:22:13Z" end-time="2020-05-02 08:22:13Z" duration="0.000508" asserts="1" />
          <test-suite type="ParameterizedMethod" id="1030" name="IndexerGetter_Fails_WhenIndexIsWrong" fullname="Incapsulation.Weights.Indexer_should.IndexerGetter_Fails_WhenIndexIsWrong" classname="Incapsulation.Weights.Indexer_should" runstate="Runnable" testcasecount="2" result="Passed" start-time="2020-05-02 08:22:13Z" end-time="2020-05-02 08:22:13Z" duration="0.008078" total="2" passed="2" failed="0" warnings="0" inconclusive="0" skipped="0" asserts="2">
            <test-case id="1028" name="IndexerGetter_Fails_WhenIndexIsWrong(-1)" fullname="Incapsulation.Weights.Indexer_should.IndexerGetter_Fails_WhenIndexIsWrong(-1)" methodname="IndexerGetter_Fails_WhenIndexIsWrong" classname="Incapsulation.Weights.Indexer_should" runstate="Runnable" seed="1406885908" result="Passed" start-time="2020-05-02 08:22:13Z" end-time="2020-05-02 08:22:13Z" duration="0.000789" asserts="1" />
            <test-case id="1029" name="IndexerGetter_Fails_WhenIndexIsWrong(2)" fullname="Incapsulation.Weights.Indexer_should.IndexerGetter_Fails_WhenIndexIsWrong(2)" methodname="IndexerGetter_Fails_WhenIndexIsWrong" classname="Incapsulation.Weights.Indexer_should" runstate="Runnable" seed="1617800263" result="Passed" start-time="2020-05-02 08:22:13Z" end-time="2020-05-02 08:22:13Z" duration="0.000251" asserts="1" />
          </test-suite>
          <test-suite type="ParameterizedMethod" id="1033" name="IndexerSetter_Fails_WhenIndexIsWrong" fullname="Incapsulation.Weights.Indexer_should.IndexerSetter_Fails_WhenIndexIsWrong" classname="Incapsulation.Weights.Indexer_should" runstate="Runnable" testcasecount="2" result="Passed" start-time="2020-05-02 08:22:13Z" end-time="2020-05-02 08:22:13Z" duration="0.008018" total="2" passed="2" failed="0" warnings="0" inconclusive="0" skipped="0" asserts="2">
            <test-case id="1031" name="IndexerSetter_Fails_WhenIndexIsWrong(-1)" fullname="Incapsulation.Weights.Indexer_should.IndexerSetter_Fails_WhenIndexIsWrong(-1)" methodname="IndexerSetter_Fails_WhenIndexIsWrong" classname="Incapsulation.Weights.Indexer_should" runstate="Runnable" seed="446138802" result="Passed" start-time="2020-05-02 08:22:13Z" end-time="2020-05-02 08:22:13Z" duration="0.000748" asserts="1" />
            <test-case id="1032" name="IndexerSetter_Fails_WhenIndexIsWrong(2)" fullname="Incapsulation.Weights.Indexer_should.IndexerSetter_Fails_WhenIndexIsWrong(2)" methodname="IndexerSetter_Fails_WhenIndexIsWrong" classname="Incapsulation.Weights.Indexer_should" runstate="Runnable" seed="1973892970" result="Passed" start-time="2020-05-02 08:22:13Z" end-time="2020-05-02 08:22:13Z" duration="0.000215" asserts="1" />
          </test-suite>
          <test-suite type="ParameterizedMethod" id="1007" name="SetCorrectly" fullname="Incapsulation.Weights.Indexer_should.SetCorrectly" classname="Incapsulation.Weights.Indexer_should" runstate="Runnable" testcasecount="2" result="Passed" start-time="2020-05-02 08:22:13Z" end-time="2020-05-02 08:22:13Z" duration="0.008015" total="2" passed="2" failed="0" warnings="0" inconclusive="0" skipped="0" asserts="2">
            <test-case id="1005" name="SetCorrectly(0)" fullname="Incapsulation.Weights.Indexer_should.SetCorrectly(0)" methodname="SetCorrectly" classname="Incapsulation.Weights.Indexer_should" runstate="Runnable" seed="731379621" result="Passed" start-time="2020-05-02 08:22:13Z" end-time="2020-05-02 08:22:13Z" duration="0.000379" asserts="1" />
            <test-case id="1006" name="SetCorrectly(1)" fullname="Incapsulation.Weights.Indexer_should.SetCorrectly(1)" methodname="SetCorrectly" classname="Incapsulation.Weights.Indexer_should" runstate="Runnable" seed="1866320362" result="Passed" start-time="2020-05-02 08:22:13Z" end-time="2020-05-02 08:22:13Z" duration="0.000100" asserts="1" />
          </test-suite>
        </test-suite>
      </test-suite>
    </test-suite>
  </test-suite>
</test-run>