<?xml version="1.0" encoding="utf-8"?>
<test-run id="2" name="Incapsulation.Failures.exe" fullname="D:/Stepic C#/Инкапсуляция/Практика/Solution Project/bin/Debug/Incapsulation.Failures.exe" testcasecount="3" result="Passed" start-time="2020-05-02 07:26:51Z" end-time="2020-05-02 07:26:51Z" duration="0.090769" total="3" passed="3" failed="0" inconclusive="0" skipped="0" asserts="3" random-seed="1567419035">
  <command-line><![CDATA["D:\Stepic C#\Инкапсуляция\Практика\Solution Project\bin\Debug\Incapsulation.Failures.exe" ]]></command-line>
  <filter />
  <test-suite type="Assembly" id="1004" name="Incapsulation.Failures.exe" fullname="D:/Stepic C#/Инкапсуляция/Практика/Solution Project/bin/Debug/Incapsulation.Failures.exe" runstate="Runnable" testcasecount="3" result="Passed" start-time="2020-05-02 07:26:51Z" end-time="2020-05-02 07:26:51Z" duration="0.090769" total="3" passed="3" failed="0" warnings="0" inconclusive="0" skipped="0" asserts="3">
    <environment framework-version="3.6.0.0" clr-version="4.0.30319.42000" os-version="Microsoft Windows NT 6.2.9200.0" platform="Win32NT" cwd="D:\Stepic C#\Инкапсуляция\Практика\Solution Project\bin\Debug" machine-name="LENOVOG50" user="dimad" user-domain="LENOVOG50" culture="ru-RU" uiculture="ru-RU" os-architecture="x86" />
    <settings>
      <setting name="WorkDirectory" value="D:\Stepic C#\Инкапсуляция\Практика\Solution Project\bin\Debug" />
      <setting name="NumberOfTestWorkers" value="4" />
    </settings>
    <properties>
      <property name="_PID" value="6800" />
      <property name="_APPDOMAIN" value="Incapsulation.Failures.exe" />
    </properties>
    <test-suite type="TestSuite" id="1005" name="Incapsulation" fullname="Incapsulation" runstate="Runnable" testcasecount="3" result="Passed" start-time="2020-05-02 07:26:51Z" end-time="2020-05-02 07:26:51Z" duration="0.077026" total="3" passed="3" failed="0" warnings="0" inconclusive="0" skipped="0" asserts="3">
      <test-suite type="TestSuite" id="1006" name="Failures" fullname="Incapsulation.Failures" runstate="Runnable" testcasecount="3" result="Passed" start-time="2020-05-02 07:26:51Z" end-time="2020-05-02 07:26:51Z" duration="0.073347" total="3" passed="3" failed="0" warnings="0" inconclusive="0" skipped="0" asserts="3">
        <test-suite type="TestFixture" id="1000" name="ReportMaker_Tests" fullname="Incapsulation.Failures.ReportMaker_Tests" classname="Incapsulation.Failures.ReportMaker_Tests" runstate="Runnable" testcasecount="3" result="Passed" start-time="2020-05-02 07:26:51Z" end-time="2020-05-02 07:26:51Z" duration="0.066726" total="3" passed="3" failed="0" warnings="0" inconclusive="0" skipped="0" asserts="3">
          <test-case id="1003" name="FilterManyDevices" fullname="Incapsulation.Failures.ReportMaker_Tests.FilterManyDevices" methodname="FilterManyDevices" classname="Incapsulation.Failures.ReportMaker_Tests" runstate="Runnable" seed="772141871" result="Passed" start-time="2020-05-02 07:26:51Z" end-time="2020-05-02 07:26:51Z" duration="0.039031" asserts="1" />
          <test-case id="1002" name="FilterSingleDevice" fullname="Incapsulation.Failures.ReportMaker_Tests.FilterSingleDevice" methodname="FilterSingleDevice" classname="Incapsulation.Failures.ReportMaker_Tests" runstate="Runnable" seed="152150541" result="Passed" start-time="2020-05-02 07:26:51Z" end-time="2020-05-02 07:26:51Z" duration="0.001372" asserts="1" />
          <test-case id="1001" name="NoDevices" fullname="Incapsulation.Failures.ReportMaker_Tests.NoDevices" methodname="NoDevices" classname="Incapsulation.Failures.ReportMaker_Tests" runstate="Runnable" seed="208766710" result="Passed" start-time="2020-05-02 07:26:51Z" end-time="2020-05-02 07:26:51Z" duration="0.002609" asserts="1" />
        </test-suite>
      </test-suite>
    </test-suite>
  </test-suite>
</test-run>