<?xml version="1.0" encoding="utf-8"?>
<test-run id="2" name="Incapsulation.RationalNumbers.exe" fullname="D:/Stepic C#/Инкапсуляция/Практика/Task 4/Solution Project/bin/Debug/Incapsulation.RationalNumbers.exe" testcasecount="47" result="Passed" start-time="2020-05-02 11:28:46Z" end-time="2020-05-02 11:28:46Z" duration="0.281043" total="47" passed="47" failed="0" inconclusive="0" skipped="0" asserts="85" random-seed="1013199700">
  <command-line><![CDATA["D:\Stepic C#\Инкапсуляция\Практика\Task 4\Solution Project\bin\Debug\Incapsulation.RationalNumbers.exe"   ]]></command-line>
  <filter />
  <test-suite type="Assembly" id="1052" name="Incapsulation.RationalNumbers.exe" fullname="D:/Stepic C#/Инкапсуляция/Практика/Task 4/Solution Project/bin/Debug/Incapsulation.RationalNumbers.exe" runstate="Runnable" testcasecount="47" result="Passed" start-time="2020-05-02 11:28:46Z" end-time="2020-05-02 11:28:46Z" duration="0.281043" total="47" passed="47" failed="0" warnings="0" inconclusive="0" skipped="0" asserts="85">
    <environment framework-version="3.6.0.0" clr-version="4.0.30319.42000" os-version="Microsoft Windows NT 6.2.9200.0" platform="Win32NT" cwd="D:\Stepic C#\Инкапсуляция\Практика\Task 4\Solution Project\bin\Debug" machine-name="LENOVOG50" user="dimad" user-domain="LENOVOG50" culture="ru-RU" uiculture="ru-RU" os-architecture="x86" />
    <settings>
      <setting name="WorkDirectory" value="D:\Stepic C#\Инкапсуляция\Практика\Task 4\Solution Project\bin\Debug" />
      <setting name="NumberOfTestWorkers" value="4" />
    </settings>
    <properties>
      <property name="_PID" value="19108" />
      <property name="_APPDOMAIN" value="Incapsulation.RationalNumbers.exe" />
    </properties>
    <test-suite type="TestSuite" id="1053" name="Incapsulation" fullname="Incapsulation" runstate="Runnable" testcasecount="47" result="Passed" start-time="2020-05-02 11:28:46Z" end-time="2020-05-02 11:28:46Z" duration="0.266190" total="47" passed="47" failed="0" warnings="0" inconclusive="0" skipped="0" asserts="85">
      <test-suite type="TestSuite" id="1054" name="RationalNumbers" fullname="Incapsulation.RationalNumbers" runstate="Runnable" testcasecount="47" result="Passed" start-time="2020-05-02 11:28:46Z" end-time="2020-05-02 11:28:46Z" duration="0.262194" total="47" passed="47" failed="0" warnings="0" inconclusive="0" skipped="0" asserts="85">
        <test-suite type="TestFixture" id="1000" name="Rational_should" fullname="Incapsulation.RationalNumbers.Rational_should" classname="Incapsulation.RationalNumbers.Rational_should" runstate="Runnable" testcasecount="47" result="Passed" start-time="2020-05-02 11:28:46Z" end-time="2020-05-02 11:28:46Z" duration="0.256204" total="47" passed="47" failed="0" warnings="0" inconclusive="0" skipped="0" asserts="85">
          <test-case id="1031" name="ConvertFromInt" fullname="Incapsulation.RationalNumbers.Rational_should.ConvertFromInt" methodname="ConvertFromInt" classname="Incapsulation.RationalNumbers.Rational_should" runstate="Runnable" seed="1921719426" result="Passed" start-time="2020-05-02 11:28:46Z" end-time="2020-05-02 11:28:46Z" duration="0.018278" asserts="3" />
          <test-suite type="ParameterizedMethod" id="1030" name="ConvertToDouble" fullname="Incapsulation.RationalNumbers.Rational_should.ConvertToDouble" classname="Incapsulation.RationalNumbers.Rational_should" runstate="Runnable" testcasecount="6" result="Passed" start-time="2020-05-02 11:28:46Z" end-time="2020-05-02 11:28:46Z" duration="0.028444" total="6" passed="6" failed="0" warnings="0" inconclusive="0" skipped="0" asserts="6">
            <test-case id="1024" name="ConvertToDouble(1,2,0.5d)" fullname="Incapsulation.RationalNumbers.Rational_should.ConvertToDouble(1,2,0.5d)" methodname="ConvertToDouble" classname="Incapsulation.RationalNumbers.Rational_should" runstate="Runnable" seed="1057082877" result="Passed" start-time="2020-05-02 11:28:46Z" end-time="2020-05-02 11:28:46Z" duration="0.002649" asserts="1" />
            <test-case id="1025" name="ConvertToDouble(10,5,2.0d)" fullname="Incapsulation.RationalNumbers.Rational_should.ConvertToDouble(10,5,2.0d)" methodname="ConvertToDouble" classname="Incapsulation.RationalNumbers.Rational_should" runstate="Runnable" seed="1150199087" result="Passed" start-time="2020-05-02 11:28:46Z" end-time="2020-05-02 11:28:46Z" duration="0.000101" asserts="1" />
            <test-case id="1026" name="ConvertToDouble(-1,5,-0.2d)" fullname="Incapsulation.RationalNumbers.Rational_should.ConvertToDouble(-1,5,-0.2d)" methodname="ConvertToDouble" classname="Incapsulation.RationalNumbers.Rational_should" runstate="Runnable" seed="1820445951" result="Passed" start-time="2020-05-02 11:28:46Z" end-time="2020-05-02 11:28:46Z" duration="0.000084" asserts="1" />
            <test-case id="1027" name="ConvertToDouble(10,0,double.NaN)" fullname="Incapsulation.RationalNumbers.Rational_should.ConvertToDouble(10,0,double.NaN)" methodname="ConvertToDouble" classname="Incapsulation.RationalNumbers.Rational_should" runstate="Runnable" seed="2004714695" result="Passed" start-time="2020-05-02 11:28:46Z" end-time="2020-05-02 11:28:46Z" duration="0.000094" asserts="1" />
            <test-case id="1028" name="ConvertToDouble(-10,0,double.NaN)" fullname="Incapsulation.RationalNumbers.Rational_should.ConvertToDouble(-10,0,double.NaN)" methodname="ConvertToDouble" classname="Incapsulation.RationalNumbers.Rational_should" runstate="Runnable" seed="425358227" result="Passed" start-time="2020-05-02 11:28:46Z" end-time="2020-05-02 11:28:46Z" duration="0.000246" asserts="1" />
            <test-case id="1029" name="ConvertToDouble(0,0,double.NaN)" fullname="Incapsulation.RationalNumbers.Rational_should.ConvertToDouble(0,0,double.NaN)" methodname="ConvertToDouble" classname="Incapsulation.RationalNumbers.Rational_should" runstate="Runnable" seed="944290371" result="Passed" start-time="2020-05-02 11:28:46Z" end-time="2020-05-02 11:28:46Z" duration="0.000069" asserts="1" />
          </test-suite>
          <test-case id="1021" name="Divide" fullname="Incapsulation.RationalNumbers.Rational_should.Divide" methodname="Divide" classname="Incapsulation.RationalNumbers.Rational_should" runstate="Runnable" seed="354383961" result="Passed" start-time="2020-05-02 11:28:46Z" end-time="2020-05-02 11:28:46Z" duration="0.000650" asserts="3" />
          <test-case id="1023" name="DivideToZero" fullname="Incapsulation.RationalNumbers.Rational_should.DivideToZero" methodname="DivideToZero" classname="Incapsulation.RationalNumbers.Rational_should" runstate="Runnable" seed="422568853" result="Passed" start-time="2020-05-02 11:28:46Z" end-time="2020-05-02 11:28:46Z" duration="0.001273" asserts="1" />
          <test-case id="1022" name="DivideWithNan" fullname="Incapsulation.RationalNumbers.Rational_should.DivideWithNan" methodname="DivideWithNan" classname="Incapsulation.RationalNumbers.Rational_should" runstate="Runnable" seed="1721881863" result="Passed" start-time="2020-05-02 11:28:46Z" end-time="2020-05-02 11:28:46Z" duration="0.000276" asserts="2" />
          <test-suite type="ParameterizedMethod" id="1044" name="ExplicitlyConvertToInt" fullname="Incapsulation.RationalNumbers.Rational_should.ExplicitlyConvertToInt" classname="Incapsulation.RationalNumbers.Rational_should" runstate="Runnable" testcasecount="12" result="Passed" start-time="2020-05-02 11:28:46Z" end-time="2020-05-02 11:28:46Z" duration="0.050069" total="12" passed="12" failed="0" warnings="0" inconclusive="0" skipped="0" asserts="12">
            <test-case id="1032" name="ExplicitlyConvertToInt(0,1,0)" fullname="Incapsulation.RationalNumbers.Rational_should.ExplicitlyConvertToInt(0,1,0)" methodname="ExplicitlyConvertToInt" classname="Incapsulation.RationalNumbers.Rational_should" runstate="Runnable" seed="1918780996" result="Passed" start-time="2020-05-02 11:28:46Z" end-time="2020-05-02 11:28:46Z" duration="0.000998" asserts="1" />
            <test-case id="1033" name="ExplicitlyConvertToInt(1,1,1)" fullname="Incapsulation.RationalNumbers.Rational_should.ExplicitlyConvertToInt(1,1,1)" methodname="ExplicitlyConvertToInt" classname="Incapsulation.RationalNumbers.Rational_should" runstate="Runnable" seed="1773335503" result="Passed" start-time="2020-05-02 11:28:46Z" end-time="2020-05-02 11:28:46Z" duration="0.000121" asserts="1" />
            <test-case id="1034" name="ExplicitlyConvertToInt(2,1,2)" fullname="Incapsulation.RationalNumbers.Rational_should.ExplicitlyConvertToInt(2,1,2)" methodname="ExplicitlyConvertToInt" classname="Incapsulation.RationalNumbers.Rational_should" runstate="Runnable" seed="1750220716" result="Passed" start-time="2020-05-02 11:28:46Z" end-time="2020-05-02 11:28:46Z" duration="0.000094" asserts="1" />
            <test-case id="1035" name="ExplicitlyConvertToInt(3,1,3)" fullname="Incapsulation.RationalNumbers.Rational_should.ExplicitlyConvertToInt(3,1,3)" methodname="ExplicitlyConvertToInt" classname="Incapsulation.RationalNumbers.Rational_should" runstate="Runnable" seed="1666264327" result="Passed" start-time="2020-05-02 11:28:46Z" end-time="2020-05-02 11:28:46Z" duration="0.000147" asserts="1" />
            <test-case id="1036" name="ExplicitlyConvertToInt(2,2,1)" fullname="Incapsulation.RationalNumbers.Rational_should.ExplicitlyConvertToInt(2,2,1)" methodname="ExplicitlyConvertToInt" classname="Incapsulation.RationalNumbers.Rational_should" runstate="Runnable" seed="1936923115" result="Passed" start-time="2020-05-02 11:28:46Z" end-time="2020-05-02 11:28:46Z" duration="0.000093" asserts="1" />
            <test-case id="1037" name="ExplicitlyConvertToInt(6,3,2)" fullname="Incapsulation.RationalNumbers.Rational_should.ExplicitlyConvertToInt(6,3,2)" methodname="ExplicitlyConvertToInt" classname="Incapsulation.RationalNumbers.Rational_should" runstate="Runnable" seed="834945216" result="Passed" start-time="2020-05-02 11:28:46Z" end-time="2020-05-02 11:28:46Z" duration="0.000105" asserts="1" />
            <test-case id="1038" name="ExplicitlyConvertToInt(12,2,6)" fullname="Incapsulation.RationalNumbers.Rational_should.ExplicitlyConvertToInt(12,2,6)" methodname="ExplicitlyConvertToInt" classname="Incapsulation.RationalNumbers.Rational_should" runstate="Runnable" seed="75426279" result="Passed" start-time="2020-05-02 11:28:46Z" end-time="2020-05-02 11:28:46Z" duration="0.000147" asserts="1" />
            <test-case id="1039" name="ExplicitlyConvertToInt(12,3,4)" fullname="Incapsulation.RationalNumbers.Rational_should.ExplicitlyConvertToInt(12,3,4)" methodname="ExplicitlyConvertToInt" classname="Incapsulation.RationalNumbers.Rational_should" runstate="Runnable" seed="481060638" result="Passed" start-time="2020-05-02 11:28:46Z" end-time="2020-05-02 11:28:46Z" duration="0.000241" asserts="1" />
            <test-case id="1040" name="ExplicitlyConvertToInt(12,4,3)" fullname="Incapsulation.RationalNumbers.Rational_should.ExplicitlyConvertToInt(12,4,3)" methodname="ExplicitlyConvertToInt" classname="Incapsulation.RationalNumbers.Rational_should" runstate="Runnable" seed="1005443283" result="Passed" start-time="2020-05-02 11:28:46Z" end-time="2020-05-02 11:28:46Z" duration="0.000146" asserts="1" />
            <test-case id="1041" name="ExplicitlyConvertToInt(12,6,2)" fullname="Incapsulation.RationalNumbers.Rational_should.ExplicitlyConvertToInt(12,6,2)" methodname="ExplicitlyConvertToInt" classname="Incapsulation.RationalNumbers.Rational_should" runstate="Runnable" seed="1600747127" result="Passed" start-time="2020-05-02 11:28:46Z" end-time="2020-05-02 11:28:46Z" duration="0.000191" asserts="1" />
            <test-case id="1042" name="ExplicitlyConvertToInt(12,12,1)" fullname="Incapsulation.RationalNumbers.Rational_should.ExplicitlyConvertToInt(12,12,1)" methodname="ExplicitlyConvertToInt" classname="Incapsulation.RationalNumbers.Rational_should" runstate="Runnable" seed="1515341362" result="Passed" start-time="2020-05-02 11:28:46Z" end-time="2020-05-02 11:28:46Z" duration="0.000148" asserts="1" />
            <test-case id="1043" name="ExplicitlyConvertToInt(1000,1,1000)" fullname="Incapsulation.RationalNumbers.Rational_should.ExplicitlyConvertToInt(1000,1,1000)" methodname="ExplicitlyConvertToInt" classname="Incapsulation.RationalNumbers.Rational_should" runstate="Runnable" seed="1908163340" result="Passed" start-time="2020-05-02 11:28:46Z" end-time="2020-05-02 11:28:46Z" duration="0.000150" asserts="1" />
          </test-suite>
          <test-suite type="ParameterizedMethod" id="1051" name="ExplicitlyConvertToIntAndFailsIfNonCorvertable" fullname="Incapsulation.RationalNumbers.Rational_should.ExplicitlyConvertToIntAndFailsIfNonCorvertable" classname="Incapsulation.RationalNumbers.Rational_should" runstate="Runnable" testcasecount="6" result="Passed" start-time="2020-05-02 11:28:46Z" end-time="2020-05-02 11:28:46Z" duration="0.039371" total="6" passed="6" failed="0" warnings="0" inconclusive="0" skipped="0" asserts="6">
            <test-case id="1045" name="ExplicitlyConvertToIntAndFailsIfNonCorvertable(1,2)" fullname="Incapsulation.RationalNumbers.Rational_should.ExplicitlyConvertToIntAndFailsIfNonCorvertable(1,2)" methodname="ExplicitlyConvertToIntAndFailsIfNonCorvertable" classname="Incapsulation.RationalNumbers.Rational_should" runstate="Runnable" seed="1738335888" result="Passed" start-time="2020-05-02 11:28:46Z" end-time="2020-05-02 11:28:46Z" duration="0.014939" asserts="1" />
            <test-case id="1046" name="ExplicitlyConvertToIntAndFailsIfNonCorvertable(12,5)" fullname="Incapsulation.RationalNumbers.Rational_should.ExplicitlyConvertToIntAndFailsIfNonCorvertable(12,5)" methodname="ExplicitlyConvertToIntAndFailsIfNonCorvertable" classname="Incapsulation.RationalNumbers.Rational_should" runstate="Runnable" seed="1793005103" result="Passed" start-time="2020-05-02 11:28:46Z" end-time="2020-05-02 11:28:46Z" duration="0.000285" asserts="1" />
            <test-case id="1047" name="ExplicitlyConvertToIntAndFailsIfNonCorvertable(12,10)" fullname="Incapsulation.RationalNumbers.Rational_should.ExplicitlyConvertToIntAndFailsIfNonCorvertable(12,10)" methodname="ExplicitlyConvertToIntAndFailsIfNonCorvertable" classname="Incapsulation.RationalNumbers.Rational_should" runstate="Runnable" seed="1632775179" result="Passed" start-time="2020-05-02 11:28:46Z" end-time="2020-05-02 11:28:46Z" duration="0.000251" asserts="1" />
            <test-case id="1048" name="ExplicitlyConvertToIntAndFailsIfNonCorvertable(25,8)" fullname="Incapsulation.RationalNumbers.Rational_should.ExplicitlyConvertToIntAndFailsIfNonCorvertable(25,8)" methodname="ExplicitlyConvertToIntAndFailsIfNonCorvertable" classname="Incapsulation.RationalNumbers.Rational_should" runstate="Runnable" seed="1267717272" result="Passed" start-time="2020-05-02 11:28:46Z" end-time="2020-05-02 11:28:46Z" duration="0.000255" asserts="1" />
            <test-case id="1049" name="ExplicitlyConvertToIntAndFailsIfNonCorvertable(2,3)" fullname="Incapsulation.RationalNumbers.Rational_should.ExplicitlyConvertToIntAndFailsIfNonCorvertable(2,3)" methodname="ExplicitlyConvertToIntAndFailsIfNonCorvertable" classname="Incapsulation.RationalNumbers.Rational_should" runstate="Runnable" seed="1305767978" result="Passed" start-time="2020-05-02 11:28:46Z" end-time="2020-05-02 11:28:46Z" duration="0.000227" asserts="1" />
            <test-case id="1050" name="ExplicitlyConvertToIntAndFailsIfNonCorvertable(2,4)" fullname="Incapsulation.RationalNumbers.Rational_should.ExplicitlyConvertToIntAndFailsIfNonCorvertable(2,4)" methodname="ExplicitlyConvertToIntAndFailsIfNonCorvertable" classname="Incapsulation.RationalNumbers.Rational_should" runstate="Runnable" seed="184564163" result="Passed" start-time="2020-05-02 11:28:46Z" end-time="2020-05-02 11:28:46Z" duration="0.000251" asserts="1" />
          </test-suite>
          <test-suite type="ParameterizedMethod" id="1014" name="InitializeAndReduce1" fullname="Incapsulation.RationalNumbers.Rational_should.InitializeAndReduce1" classname="Incapsulation.RationalNumbers.Rational_should" runstate="Runnable" testcasecount="10" result="Passed" start-time="2020-05-02 11:28:46Z" end-time="2020-05-02 11:28:46Z" duration="0.041026" total="10" passed="10" failed="0" warnings="0" inconclusive="0" skipped="0" asserts="30">
            <test-case id="1004" name="InitializeAndReduce1(1,2,2,4)" fullname="Incapsulation.RationalNumbers.Rational_should.InitializeAndReduce1(1,2,2,4)" methodname="InitializeAndReduce1" classname="Incapsulation.RationalNumbers.Rational_should" runstate="Runnable" seed="1754571506" result="Passed" start-time="2020-05-02 11:28:46Z" end-time="2020-05-02 11:28:46Z" duration="0.000356" asserts="3" />
            <test-case id="1005" name="InitializeAndReduce1(-1,2,-2,4)" fullname="Incapsulation.RationalNumbers.Rational_should.InitializeAndReduce1(-1,2,-2,4)" methodname="InitializeAndReduce1" classname="Incapsulation.RationalNumbers.Rational_should" runstate="Runnable" seed="1799136567" result="Passed" start-time="2020-05-02 11:28:46Z" end-time="2020-05-02 11:28:46Z" duration="0.000118" asserts="3" />
            <test-case id="1006" name="InitializeAndReduce1(-1,2,2,-4)" fullname="Incapsulation.RationalNumbers.Rational_should.InitializeAndReduce1(-1,2,2,-4)" methodname="InitializeAndReduce1" classname="Incapsulation.RationalNumbers.Rational_should" runstate="Runnable" seed="412853980" result="Passed" start-time="2020-05-02 11:28:46Z" end-time="2020-05-02 11:28:46Z" duration="0.000138" asserts="3" />
            <test-case id="1007" name="InitializeAndReduce1(1,2,-2,-4)" fullname="Incapsulation.RationalNumbers.Rational_should.InitializeAndReduce1(1,2,-2,-4)" methodname="InitializeAndReduce1" classname="Incapsulation.RationalNumbers.Rational_should" runstate="Runnable" seed="2053238853" result="Passed" start-time="2020-05-02 11:28:46Z" end-time="2020-05-02 11:28:46Z" duration="0.000160" asserts="3" />
            <test-case id="1008" name="InitializeAndReduce1(1,2,1,2)" fullname="Incapsulation.RationalNumbers.Rational_should.InitializeAndReduce1(1,2,1,2)" methodname="InitializeAndReduce1" classname="Incapsulation.RationalNumbers.Rational_should" runstate="Runnable" seed="553538544" result="Passed" start-time="2020-05-02 11:28:46Z" end-time="2020-05-02 11:28:46Z" duration="0.000143" asserts="3" />
            <test-case id="1009" name="InitializeAndReduce1(1,2,8,16)" fullname="Incapsulation.RationalNumbers.Rational_should.InitializeAndReduce1(1,2,8,16)" methodname="InitializeAndReduce1" classname="Incapsulation.RationalNumbers.Rational_should" runstate="Runnable" seed="483386183" result="Passed" start-time="2020-05-02 11:28:46Z" end-time="2020-05-02 11:28:46Z" duration="0.000149" asserts="3" />
            <test-case id="1010" name="InitializeAndReduce1(2,3,10,15)" fullname="Incapsulation.RationalNumbers.Rational_should.InitializeAndReduce1(2,3,10,15)" methodname="InitializeAndReduce1" classname="Incapsulation.RationalNumbers.Rational_should" runstate="Runnable" seed="1994309255" result="Passed" start-time="2020-05-02 11:28:46Z" end-time="2020-05-02 11:28:46Z" duration="0.000176" asserts="3" />
            <test-case id="1011" name="InitializeAndReduce1(4,7,16,28)" fullname="Incapsulation.RationalNumbers.Rational_should.InitializeAndReduce1(4,7,16,28)" methodname="InitializeAndReduce1" classname="Incapsulation.RationalNumbers.Rational_should" runstate="Runnable" seed="1349735206" result="Passed" start-time="2020-05-02 11:28:46Z" end-time="2020-05-02 11:28:46Z" duration="0.000199" asserts="3" />
            <test-case id="1012" name="InitializeAndReduce1(3,256,12,1024)" fullname="Incapsulation.RationalNumbers.Rational_should.InitializeAndReduce1(3,256,12,1024)" methodname="InitializeAndReduce1" classname="Incapsulation.RationalNumbers.Rational_should" runstate="Runnable" seed="1977549526" result="Passed" start-time="2020-05-02 11:28:46Z" end-time="2020-05-02 11:28:46Z" duration="0.000140" asserts="3" />
            <test-case id="1013" name="InitializeAndReduce1(1,1,1,1)" fullname="Incapsulation.RationalNumbers.Rational_should.InitializeAndReduce1(1,1,1,1)" methodname="InitializeAndReduce1" classname="Incapsulation.RationalNumbers.Rational_should" runstate="Runnable" seed="1644734265" result="Passed" start-time="2020-05-02 11:28:46Z" end-time="2020-05-02 11:28:46Z" duration="0.000222" asserts="3" />
          </test-suite>
          <test-case id="1001" name="InitializeSimpleRatioCorrectly" fullname="Incapsulation.RationalNumbers.Rational_should.InitializeSimpleRatioCorrectly" methodname="InitializeSimpleRatioCorrectly" classname="Incapsulation.RationalNumbers.Rational_should" runstate="Runnable" seed="507707572" result="Passed" start-time="2020-05-02 11:28:46Z" end-time="2020-05-02 11:28:46Z" duration="0.000254" asserts="3" />
          <test-case id="1003" name="InitializeWithZeroDenomerator" fullname="Incapsulation.RationalNumbers.Rational_should.InitializeWithZeroDenomerator" methodname="InitializeWithZeroDenomerator" classname="Incapsulation.RationalNumbers.Rational_should" runstate="Runnable" seed="1533942399" result="Passed" start-time="2020-05-02 11:28:46Z" end-time="2020-05-02 11:28:46Z" duration="0.000276" asserts="1" />
          <test-case id="1002" name="InitializeWitoutDenomerator" fullname="Incapsulation.RationalNumbers.Rational_should.InitializeWitoutDenomerator" methodname="InitializeWitoutDenomerator" classname="Incapsulation.RationalNumbers.Rational_should" runstate="Runnable" seed="1575613506" result="Passed" start-time="2020-05-02 11:28:46Z" end-time="2020-05-02 11:28:46Z" duration="0.000277" asserts="3" />
          <test-case id="1019" name="Multiply" fullname="Incapsulation.RationalNumbers.Rational_should.Multiply" methodname="Multiply" classname="Incapsulation.RationalNumbers.Rational_should" runstate="Runnable" seed="1887640474" result="Passed" start-time="2020-05-02 11:28:46Z" end-time="2020-05-02 11:28:46Z" duration="0.000481" asserts="3" />
          <test-case id="1020" name="MultiplyWithNan" fullname="Incapsulation.RationalNumbers.Rational_should.MultiplyWithNan" methodname="MultiplyWithNan" classname="Incapsulation.RationalNumbers.Rational_should" runstate="Runnable" seed="950046175" result="Passed" start-time="2020-05-02 11:28:46Z" end-time="2020-05-02 11:28:46Z" duration="0.000333" asserts="2" />
          <test-case id="1017" name="Subtract" fullname="Incapsulation.RationalNumbers.Rational_should.Subtract" methodname="Subtract" classname="Incapsulation.RationalNumbers.Rational_should" runstate="Runnable" seed="963295458" result="Passed" start-time="2020-05-02 11:28:46Z" end-time="2020-05-02 11:28:46Z" duration="0.000709" asserts="3" />
          <test-case id="1018" name="SubtractWithNan" fullname="Incapsulation.RationalNumbers.Rational_should.SubtractWithNan" methodname="SubtractWithNan" classname="Incapsulation.RationalNumbers.Rational_should" runstate="Runnable" seed="678751874" result="Passed" start-time="2020-05-02 11:28:46Z" end-time="2020-05-02 11:28:46Z" duration="0.000355" asserts="2" />
          <test-case id="1015" name="Sum" fullname="Incapsulation.RationalNumbers.Rational_should.Sum" methodname="Sum" classname="Incapsulation.RationalNumbers.Rational_should" runstate="Runnable" seed="2090081059" result="Passed" start-time="2020-05-02 11:28:46Z" end-time="2020-05-02 11:28:46Z" duration="0.000632" asserts="3" />
          <test-case id="1016" name="SumWithNan" fullname="Incapsulation.RationalNumbers.Rational_should.SumWithNan" methodname="SumWithNan" classname="Incapsulation.RationalNumbers.Rational_should" runstate="Runnable" seed="10997989" result="Passed" start-time="2020-05-02 11:28:46Z" end-time="2020-05-02 11:28:46Z" duration="0.000318" asserts="2" />
        </test-suite>
      </test-suite>
    </test-suite>
  </test-suite>
</test-run>